[0mGET / [32m200[0m 430.069 ms - 15477[0m
[0mGET /favicon.ico [33m404[0m 10.145 ms - 150[0m
[0mGET /users/profile/63f9f548aed93b133ed43276 [36m302[0m 10.056 ms - 72[0m
[0mGET /users/sign-in [36m304[0m 11.233 ms - -[0m
[0mPOST /users/create-session [36m302[0m 14.920 ms - 46[0m
[0mGET / [32m200[0m 67.257 ms - 22622[0m
[0mGET /users/profile [31m500[0m 42.324 ms - 2083[0m
[0mGET /users/profile/63f9f548aed93b133ed43276 [32m200[0m 13.970 ms - 2456[0m
[0mGET / [32m200[0m 222.068 ms - 22231[0m
[0mGET / [32m200[0m 1457.804 ms - 15477[0m
[0mGET / [36m304[0m 436.720 ms - -[0m
[0mGET /users/profile/63f9f548aed93b133ed43276 [36m302[0m 763.123 ms - 72[0m
[0mGET /users/sign-in [36m304[0m 10.464 ms - -[0m
[0mGET / [32m200[0m 522.601 ms - 22231[0m
[0mPOST /users/create-session [36m302[0m 284.086 ms - 46[0m
[0mGET / [32m200[0m 95.696 ms - 22622[0m
[0mGET /users/profile/63e629bef4a438d8090d33ff [32m200[0m 31.956 ms - 2067[0m
[0mGET /users/profile/63e318d3b33c33484e54a6a6 [32m200[0m 18.585 ms - 2072[0m
[0mGET / [32m200[0m 73.925 ms - 22228[0m
[0mGET / [36m304[0m 78.803 ms - -[0m
[0mGET / [32m200[0m 69.335 ms - 22223[0m
[0mGET / [36m304[0m 115.047 ms - -[0m
[0mGET / [36m304[0m 36.032 ms - -[0m
[0mPOST /likes/toggle/?id=64336ba345f6946bbb00f150&type=Comment [32m200[0m 300.477 ms - 58[0m
